Arguments: 
  C:\Program Files\nodejs\node.exe C:\Users\荨琉璃月\AppData\Roaming\npm\node_modules\yarn\bin\yarn.js add redux -S

PATH: 
  C:\oraclexe\app\oracle\product\11.2.0\server\bin;C:\ProgramData\Oracle\Java\javapath;C:\Program Files (x86)\Common Files\Oracle\Java\javapath;C:\WINDOWS\system32;C:\WINDOWS;C:\WINDOWS\System32\Wbem;C:\WINDOWS\System32\WindowsPowerShell\v1.0\;C:\WINDOWS\System32\OpenSSH\;E:\apache-tomcat-8.0.47-windows-x64\apache-tomcat-8.0.47\bin;C:\Program Files\nodejs\;C:\Users\荨琉璃月\AppData\Local\Yarn\bin;C:\;rogram Files\MySQL\MySQL Server 5.5\bin;"C:\Program Files\MySQL\MySQL Server 5.7\bin;";%JAVA_HOME%\bin；C:\Program Files\Java\jdk1.8.0_172;C:\Program Files\Java\jdk1.8.0_91\bin；C:\Program Files\Java\jdk1.8.0_172;C:\Program Files\Java\jdk1.8.0_91\bin;%JAVA_HOME%\bin；C:\Program Files\Java\jdk1.8.0_172;C:\Program Files\Java\jdk1.8.0_91\bin；C:\Program Files\Java\jdk1.8.0_172;C:\Program Files\Java\jdk1.8.0_91\jre\bin;D:\xiaoneishixi\MAVEN\apache-maven-3.6.0\bin;C:\Program Files (x86)\Microsoft SQL Server\100\Tools\Binn\;C:\Program Files\Microsoft SQL Server\100\Tools\Binn\;C:\Program Files\Microsoft SQL Server\100\DTS\Binn\;C:\Program Files (x86)\Microsoft SQL Server\100\Tools\Binn\VSShell\Common7\IDE\;C:\Program Files (x86)\Microsoft Visual Studio 9.0\Common7\IDE\PrivateAssemblies\;C:\Program Files (x86)\Microsoft SQL Server\100\DTS\Binn\;C:\Program Files\Git\cmd;C:\Users\荨琉璃月\AppData\Local\Microsoft\WindowsApps;C:\Users\荨琉璃月\AppData\Local\Programs\Microsoft VS Code\bin;E:\apache-tomcat-8.0.47-windows-x64\apache-tomcat-8.0.47\bin;C:\Users\荨琉璃月\AppData\Roaming\npm;C:\ProgramData\荨琉璃月\GitHubDesktop\bin;C:\Users\荨琉璃月\AppData\Local\GitHubDesktop\bin

Yarn version: 
  1.22.4

Node version: 
  12.4.0

Platform: 
  win32 x64

Trace: 
  Error: https://registry.npm.taobao.org/_js-tokens: Not found
      at Request.params.callback [as _callback] (C:\Users\荨琉璃月\AppData\Roaming\npm\node_modules\yarn\lib\cli.js:66987:18)
      at Request.self.callback (C:\Users\荨琉璃月\AppData\Roaming\npm\node_modules\yarn\lib\cli.js:140748:22)
      at Request.emit (events.js:200:13)
      at Request.<anonymous> (C:\Users\荨琉璃月\AppData\Roaming\npm\node_modules\yarn\lib\cli.js:141720:10)
      at Request.emit (events.js:200:13)
      at IncomingMessage.<anonymous> (C:\Users\荨琉璃月\AppData\Roaming\npm\node_modules\yarn\lib\cli.js:141642:12)
      at Object.onceWrapper (events.js:288:20)
      at IncomingMessage.emit (events.js:205:15)
      at endReadableNT (_stream_readable.js:1154:12)
      at processTicksAndRejections (internal/process/task_queues.js:84:9)

npm manifest: 
  {
    "name": "redux",
    "version": "1.0.0",
    "description": "```js\r let isLoading = true",
    "main": "index.js",
    "dependencies": {
      "_js-tokens@4.0.0@js-tokens": "^4.0.0",
      "_loose-envify@1.4.0@loose-envify": "^1.4.0",
      "_redux@4.0.5@redux": "^4.0.5",
      "_symbol-observable@1.2.0@symbol-observable": "^1.2.0"
    },
    "devDependencies": {},
    "scripts": {
      "test": "echo \"Error: no test specified\" && exit 1"
    },
    "author": "",
    "license": "ISC"
  }

yarn manifest: 
  No manifest

Lockfile: 
  No lockfile
